<?xml version="1.0" encoding="UTF-8"?>
<!-- Generated by org.testng.reporters.JUnitReportReporter -->
<testsuite hostname="LAPTOP-RGU0AED9" failures="0" tests="1" name="com.mystore.testcases.HomePageTest" time="15.348" errors="0" timestamp="2024-03-18T14:16:39 IST" skipped="0">
  <testcase classname="com.mystore.testcases.HomePageTest" name="orderHistoryandDetailsTest" time="15.348"/>
  <system-out/>
</testsuite> <!-- com.mystore.testcases.HomePageTest -->
