<?xml version="1.0" encoding="UTF-8"?>
<!-- Generated by org.testng.reporters.JUnitReportReporter -->
<testsuite hostname="LAPTOP-RGU0AED9" failures="0" tests="1" name="com.mystore.testcases.AddtoCartPageTest" time="27.828" errors="0" timestamp="2024-03-16T16:17:27 IST" skipped="0">
  <testcase classname="com.mystore.testcases.AddtoCartPageTest" name="addToCartTest" time="27.828"/>
  <system-out/>
</testsuite> <!-- com.mystore.testcases.AddtoCartPageTest -->
