<?xml version="1.0" encoding="UTF-8"?>
<!-- Generated by org.testng.reporters.JUnitReportReporter -->
<testsuite hostname="LAPTOP-RGU0AED9" failures="0" tests="1" name="com.mystore.testcases.SearchResultPageTest" time="24.145" errors="0" timestamp="2024-03-16T15:26:55 IST" skipped="0">
  <testcase classname="com.mystore.testcases.SearchResultPageTest" name="productAvailabilityTest" time="24.145"/>
  <system-out/>
</testsuite> <!-- com.mystore.testcases.SearchResultPageTest -->
