<?xml version="1.0" encoding="UTF-8"?>
<!-- Generated by org.testng.reporters.JUnitReportReporter -->
<testsuite hostname="LAPTOP-RGU0AED9" failures="0" tests="1" name="com.mystore.testcases.LoginPageTest" time="23.577" errors="0" timestamp="2024-03-18T14:22:07 IST" skipped="0">
  <testcase classname="com.mystore.testcases.LoginPageTest" name="loginTest" time="23.577"/>
  <system-out/>
</testsuite> <!-- com.mystore.testcases.LoginPageTest -->
